<?xml version="1.0" encoding="UTF-8" ?>
<testsuite tests="6" failures="2" name="TestSuite" time="56.657" errors="0" skipped="0">
  <properties>
[...]
</properties>
  <testcase classname="com.selenium.xyouwen.testcase.RegisterTest" name="failureTest" time="5.678">
    <failure message="expected [手机号不能为空] but found [用户名不能为空]" type="java.lang.AssertionError">java.lang.AssertionError: expected [手机号不能为空] but found [用户名不能为空]
	at org.testng.Assert.fail(Assert.java:94)
	at org.testng.Assert.failNotEquals(Assert.java:494)
	at org.testng.Assert.assertEquals(Assert.java:123)
	at org.testng.Assert.assertEquals(Assert.java:176)
	at org.testng.Assert.assertEquals(Assert.java:186)
	at com.selenium.xyouwen.testcase.RegisterTest.failureTest(RegisterTest.java:36)
</failure>
    <system-out>@HL
@HL-------------------------------------------------------
@HL T E S T S
@HL-------------------------------------------------------
@SLRunning TestSuite
[INFO ] 2018-10-11 16:42:48,340 method:com.selenium.xyouwen.base.DriverBase.beforeSuite(DriverBase.java:36)
正在启动【firefox】浏览器
[INFO ] 2018-10-11 16:42:55,582 method:com.selenium.xyouwen.base.DriverBase.to(DriverBase.java:226)
正在打开【url=http://39.108.136.60:8085/lmcanon_web_auto/mng/register.html】的网页
[INFO ] 2018-10-11 16:43:00,558 method:com.selenium.xyouwen.base.DriverBase.getWebElement(DriverBase.java:177)
正在以【id.(&quot;mobilephone&quot;)】的方式，查找【用户名】的元素
[INFO ] 2018-10-11 16:43:00,722 method:com.selenium.xyouwen.base.DriverBase.getWebElement(DriverBase.java:177)
正在以【id.(&quot;password&quot;)】的方式，查找【密码】的元素
[INFO ] 2018-10-11 16:43:00,815 method:com.selenium.xyouwen.base.DriverBase.getWebElement(DriverBase.java:177)
正在以【id.(&quot;pwdconfirm&quot;)】的方式，查找【确认密码】的元素
[INFO ] 2018-10-11 16:43:00,909 method:com.selenium.xyouwen.base.DriverBase.getWebElement(DriverBase.java:177)
正在以【id.(&quot;signup-button&quot;)】的方式，查找【注册按钮】的元素
[INFO ] 2018-10-11 16:43:01,157 method:com.selenium.xyouwen.base.DriverBase.getWebElement(DriverBase.java:177)
正在以【className.(&quot;tips&quot;)】的方式，查找【实际结果】的元素
</system-out>
  </testcase>
  <testcase classname="com.selenium.xyouwen.testcase.RegisterTest" name="failureTest" time="2.693">
    <failure message="expected [非法手机号] but found [非法的手机号]" type="java.lang.AssertionError">java.lang.AssertionError: expected [非法手机号] but found [非法的手机号]
	at org.testng.Assert.fail(Assert.java:94)
	at org.testng.Assert.failNotEquals(Assert.java:494)
	at org.testng.Assert.assertEquals(Assert.java:123)
	at org.testng.Assert.assertEquals(Assert.java:176)
	at org.testng.Assert.assertEquals(Assert.java:186)
	at com.selenium.xyouwen.testcase.RegisterTest.failureTest(RegisterTest.java:36)
</failure>
    <system-out>[INFO ] 2018-10-11 16:43:01,264 method:com.selenium.xyouwen.listner.FailureListner.onTestFailure(FailureListner.java:34)
正在将失败用例截图，并保存至【D:\xyouwen\02- study\web_automatic_framework_study\target\surefire-reports\screenshot\SeleniumUtilTest】目录
[INFO ] 2018-10-11 16:43:01,545 method:com.selenium.xyouwen.listner.FailureListner.onTestFailure(FailureListner.java:40)
错误截图的完整路径为：【D:\xyouwen\02- study\web_automatic_framework_study\target\surefire-reports\screenshot\SeleniumUtilTest\1539247381523.jpg】
[INFO ] 2018-10-11 16:43:01,546 method:com.selenium.xyouwen.listner.FailureListner.onTestFailure(FailureListner.java:59)
错误截图的地址为：【http://127.0.0.1:7777/screenshot/SeleniumUtilTest/1539247381523.jpg】
[INFO ] 2018-10-11 16:43:05,950 method:com.selenium.xyouwen.base.DriverBase.to(DriverBase.java:226)
正在打开【url=http://39.108.136.60:8085/lmcanon_web_auto/mng/register.html】的网页
[INFO ] 2018-10-11 16:43:07,977 method:com.selenium.xyouwen.base.DriverBase.getWebElement(DriverBase.java:177)
正在以【id.(&quot;mobilephone&quot;)】的方式，查找【用户名】的元素
[INFO ] 2018-10-11 16:43:08,102 method:com.selenium.xyouwen.base.DriverBase.getWebElement(DriverBase.java:177)
正在以【id.(&quot;password&quot;)】的方式，查找【密码】的元素
[INFO ] 2018-10-11 16:43:08,273 method:com.selenium.xyouwen.base.DriverBase.getWebElement(DriverBase.java:177)
正在以【id.(&quot;pwdconfirm&quot;)】的方式，查找【确认密码】的元素
[INFO ] 2018-10-11 16:43:08,364 method:com.selenium.xyouwen.base.DriverBase.getWebElement(DriverBase.java:177)
正在以【id.(&quot;signup-button&quot;)】的方式，查找【注册按钮】的元素
[INFO ] 2018-10-11 16:43:08,554 method:com.selenium.xyouwen.base.DriverBase.getWebElement(DriverBase.java:177)
正在以【className.(&quot;tips&quot;)】的方式，查找【实际结果】的元素
</system-out>
  </testcase>
  <testcase classname="com.selenium.xyouwen.testcase.RegisterTest" name="failureTest" time="2.524"/>
  <testcase classname="com.selenium.xyouwen.testcase.RegisterTest" name="failureTest" time="2.603"/>
  <testcase classname="com.selenium.xyouwen.testcase.RegisterTest" name="failureTest" time="2.631"/>
  <testcase classname="com.selenium.xyouwen.testcase.RegisterTest" name="failureTest" time="2.537"/>
</testsuite>