<?xml version="1.0" encoding="UTF-8"?>
<!-- Generated by org.testng.reporters.JUnitXMLReporter -->
<testsuite hostname="it-xiongyw" name="Test" tests="6" failures="0" timestamp="4 Dec 2018 09:50:03 GMT" time="2.575" errors="0">
  <testcase name="register" time="1.33" classname="com.selenium.xyouwen.testcase.Register"/>
  <testcase name="register" time="0.273" classname="com.selenium.xyouwen.testcase.Register"/>
  <testcase name="register" time="0.037" classname="com.selenium.xyouwen.testcase.Register"/>
  <testcase name="register" time="0.034" classname="com.selenium.xyouwen.testcase.Register"/>
  <testcase name="register" time="0.027" classname="com.selenium.xyouwen.testcase.Register"/>
  <testcase name="register" time="0.053" classname="com.selenium.xyouwen.testcase.Register"/>
</testsuite> <!-- Test -->
